2021-04-18 00:29:46,767:INFO:PyCaret Supervised Module
2021-04-18 00:29:46,767:INFO:ML Usecase: classification
2021-04-18 00:29:46,767:INFO:version 2.3.0
2021-04-18 00:29:46,768:INFO:Initializing setup()
2021-04-18 00:29:46,768:INFO:setup(target=Label, ml_usecase=classification, available_plots={'parameter': 'Hyperparameters', 'auc': 'AUC', 'confusion_matrix': 'Confusion Matrix', 'threshold': 'Threshold', 'pr': 'Precision Recall', 'error': 'Prediction Error', 'class_report': 'Class Report', 'rfe': 'Feature Selection', 'learning': 'Learning Curve', 'manifold': 'Manifold Learning', 'calibration': 'Calibration Curve', 'vc': 'Validation Curve', 'dimension': 'Dimensions', 'feature': 'Feature Importance', 'feature_all': 'Feature Importance (All)', 'boundary': 'Decision Boundary', 'lift': 'Lift Chart', 'gain': 'Gain Chart', 'tree': 'Decision Tree'}, train_size=0.7, test_data=None, preprocess=True, imputation_type=simple, iterative_imputation_iters=5, categorical_features=None, categorical_imputation=constant, categorical_iterative_imputer=lightgbm, ordinal_features=None, high_cardinality_features=None, high_cardinality_method=frequency, numeric_features=None, numeric_imputation=mean, numeric_iterative_imputer=lightgbm, date_features=None, ignore_features=None, normalize=False, normalize_method=zscore, transformation=False, transformation_method=yeo-johnson, handle_unknown_categorical=True, unknown_categorical_method=least_frequent, pca=False, pca_method=linear, pca_components=None, ignore_low_variance=False, combine_rare_levels=False, rare_level_threshold=0.1, bin_numeric_features=None, remove_outliers=False, outliers_threshold=0.05, remove_multicollinearity=False, multicollinearity_threshold=0.9, remove_perfect_collinearity=True, create_clusters=False, cluster_iter=20, polynomial_features=False, polynomial_degree=2, trigonometry_features=False, polynomial_threshold=0.1, group_features=None, group_names=None, feature_selection=False, feature_selection_threshold=0.8, feature_selection_method=classic, feature_interaction=False, feature_ratio=False, interaction_threshold=0.01, fix_imbalance=False, fix_imbalance_method=None, transform_target=False, transform_target_method=box-cox, data_split_shuffle=True, data_split_stratify=False, fold_strategy=stratifiedkfold, fold=10, fold_shuffle=False, fold_groups=None, n_jobs=-1, use_gpu=False, custom_pipeline=None, html=True, session_id=None, log_experiment=False, experiment_name=None, log_plots=False, log_profile=False, log_data=False, silent=False, verbose=True, profile=False, profile_kwargs=None, display=None)
2021-04-18 00:29:46,768:INFO:Checking environment
2021-04-18 00:29:46,768:INFO:python_version: 3.8.5
2021-04-18 00:29:46,768:INFO:python_build: ('default', 'Sep  4 2020 02:22:02')
2021-04-18 00:29:46,768:INFO:machine: x86_64
2021-04-18 00:29:46,785:INFO:platform: macOS-10.15.4-x86_64-i386-64bit
2021-04-18 00:29:46,787:WARNING:cannot find psutil installation. memory not traceable. Install psutil using pip to enable memory logging.
2021-04-18 00:29:46,787:INFO:Checking libraries
2021-04-18 00:29:46,787:INFO:pd==1.2.4
2021-04-18 00:29:46,787:INFO:numpy==1.19.5
2021-04-18 00:29:46,787:INFO:sklearn==0.23.2
2021-04-18 00:29:46,787:INFO:lightgbm==3.2.1
2021-04-18 00:29:46,787:WARNING:catboost not found
2021-04-18 00:29:46,788:WARNING:xgboost not found
2021-04-18 00:29:47,261:INFO:mlflow==1.15.0
2021-04-18 00:29:47,261:INFO:Checking Exceptions
2021-04-18 00:29:47,261:INFO:Declaring global variables
2021-04-18 00:29:47,261:INFO:USI: cf65
2021-04-18 00:29:47,261:INFO:pycaret_globals: {'html_param', 'fold_generator', 'fold_groups_param', 'data_before_preprocess', 'fold_shuffle_param', 'fold_param', 'stratify_param', '_ml_usecase', 'X', 'experiment__', '_all_metrics', 'y_train', 'create_model_container', 'exp_name_log', '_internal_pipeline', 'fix_imbalance_method_param', 'y_test', 'target_param', 'logging_param', 'master_model_container', 'n_jobs_param', 'y', 'log_plots_param', '_all_models_internal', '_all_models', 'fix_imbalance_param', 'seed', 'X_train', 'prep_pipe', 'pycaret_globals', 'USI', 'display_container', 'imputation_classifier', 'X_test', 'transform_target_param', 'iterative_imputation_iters_param', '_gpu_n_jobs_param', 'transform_target_method_param', 'gpu_param', '_available_plots', 'imputation_regressor'}
2021-04-18 00:29:47,261:INFO:Preparing display monitor
2021-04-18 00:29:47,262:INFO:Preparing display monitor
2021-04-18 00:29:47,277:INFO:Importing libraries
2021-04-18 00:29:47,277:INFO:Copying data for preprocessing
2021-04-18 00:29:47,285:INFO:Declaring preprocessing parameters
2021-04-18 00:29:47,286:INFO:Creating preprocessing pipeline
2021-04-18 00:29:47,299:INFO:Preprocessing pipeline created successfully
2021-04-18 00:29:47,299:ERROR:(Process Exit): setup has been interupted with user command 'quit'. setup must rerun.
2021-04-18 00:29:47,299:INFO:Creating global containers
2021-04-18 00:29:47,301:INFO:Internal pipeline: Pipeline(memory=None, steps=[('empty_step', 'passthrough')], verbose=False)
2021-04-18 00:29:52,225:WARNING:Couldn't import xgboost.XGBClassifier
2021-04-18 00:29:52,226:WARNING:Couldn't import catboost.CatBoostClassifier
2021-04-18 00:29:52,296:WARNING:Couldn't import xgboost.XGBClassifier
2021-04-18 00:29:52,297:WARNING:Couldn't import catboost.CatBoostClassifier
2021-04-18 00:29:52,297:INFO:Creating grid variables
2021-04-18 00:29:52,316:INFO:create_model_container: 0
2021-04-18 00:29:52,316:INFO:master_model_container: 0
2021-04-18 00:29:52,316:INFO:display_container: 1
2021-04-18 00:29:52,320:INFO:Pipeline(memory=None,
         steps=[('dtypes',
                 DataTypes_Auto_infer(categorical_features=[],
                                      display_types=True, features_todrop=[],
                                      id_columns=[],
                                      ml_usecase='classification',
                                      numerical_features=[], target='Label',
                                      time_features=[])),
                ('imputer',
                 Simple_Imputer(categorical_strategy='not_available',
                                fill_value_categorical=None,
                                fill_value_numerical=None,
                                numeric_strate...
                ('scaling', 'passthrough'), ('P_transform', 'passthrough'),
                ('binn', 'passthrough'), ('rem_outliers', 'passthrough'),
                ('cluster_all', 'passthrough'),
                ('dummy', Dummify(target='Label')),
                ('fix_perfect', Remove_100(target='Label')),
                ('clean_names', Clean_Colum_Names()),
                ('feature_select', 'passthrough'), ('fix_multi', 'passthrough'),
                ('dfs', 'passthrough'), ('pca', 'passthrough')],
         verbose=False)
2021-04-18 00:29:52,320:INFO:setup() succesfully completed......................................
2021-04-18 00:30:03,410:INFO:Initializing compare_models()
2021-04-18 00:30:03,410:INFO:compare_models(include=None, fold=None, round=4, cross_validation=True, sort=Accuracy, n_select=1, budget_time=None, turbo=True, errors=ignore, fit_kwargs=None, groups=None, verbose=True, display=None, exclude=None)
2021-04-18 00:30:03,410:INFO:Checking exceptions
2021-04-18 00:30:03,411:INFO:Preparing display monitor
2021-04-18 00:30:03,411:INFO:Preparing display monitor
2021-04-18 00:30:03,438:INFO:Initializing Logistic Regression
2021-04-18 00:30:03,438:INFO:Total runtime is 4.967053731282552e-06 minutes
2021-04-18 00:30:03,448:INFO:SubProcess create_model() called ==================================
2021-04-18 00:30:03,448:INFO:Initializing create_model()
2021-04-18 00:30:03,449:INFO:create_model(estimator=lr, fold=StratifiedKFold(n_splits=10, random_state=None, shuffle=False), round=4, cross_validation=True, predict=True, fit_kwargs={}, groups=None, refit=False, verbose=False, system=False, metrics=None, display=<pycaret.internal.Display.Display object at 0x1526899a0>, kwargs={})
2021-04-18 00:30:03,449:INFO:Checking exceptions
2021-04-18 00:30:03,449:INFO:Importing libraries
2021-04-18 00:30:03,449:INFO:Copying training dataset
2021-04-18 00:30:03,450:INFO:Defining folds
2021-04-18 00:30:03,450:INFO:Declaring metric variables
2021-04-18 00:30:03,458:INFO:Importing untrained model
2021-04-18 00:30:03,465:INFO:Logistic Regression Imported succesfully
2021-04-18 00:30:03,484:INFO:Starting cross validation
2021-04-18 00:30:03,485:INFO:Cross validating with StratifiedKFold(n_splits=10, random_state=None, shuffle=False), n_jobs=-1
2021-04-18 00:30:06,871:INFO:Calculating mean and std
2021-04-18 00:30:06,880:INFO:Creating metrics dataframe
2021-04-18 00:30:06,900:INFO:Uploading results into container
2021-04-18 00:30:06,900:INFO:Uploading model into container now
2021-04-18 00:30:06,901:INFO:create_model_container: 1
2021-04-18 00:30:06,901:INFO:master_model_container: 1
2021-04-18 00:30:06,901:INFO:display_container: 2
2021-04-18 00:30:06,902:INFO:LogisticRegression(C=1.0, class_weight=None, dual=False, fit_intercept=True,
                   intercept_scaling=1, l1_ratio=None, max_iter=1000,
                   multi_class='auto', n_jobs=None, penalty='l2',
                   random_state=2059, solver='lbfgs', tol=0.0001, verbose=0,
                   warm_start=False)
2021-04-18 00:30:06,902:INFO:create_model() succesfully completed......................................
2021-04-18 00:30:07,087:INFO:SubProcess create_model() end ==================================
2021-04-18 00:30:07,088:INFO:Creating metrics dataframe
2021-04-18 00:30:07,111:INFO:Initializing K Neighbors Classifier
2021-04-18 00:30:07,111:INFO:Total runtime is 0.06122981707255046 minutes
2021-04-18 00:30:07,120:INFO:SubProcess create_model() called ==================================
2021-04-18 00:30:07,121:INFO:Initializing create_model()
2021-04-18 00:30:07,121:INFO:create_model(estimator=knn, fold=StratifiedKFold(n_splits=10, random_state=None, shuffle=False), round=4, cross_validation=True, predict=True, fit_kwargs={}, groups=None, refit=False, verbose=False, system=False, metrics=None, display=<pycaret.internal.Display.Display object at 0x1526899a0>, kwargs={})
2021-04-18 00:30:07,121:INFO:Checking exceptions
2021-04-18 00:30:07,121:INFO:Importing libraries
2021-04-18 00:30:07,121:INFO:Copying training dataset
2021-04-18 00:30:07,122:INFO:Defining folds
2021-04-18 00:30:07,122:INFO:Declaring metric variables
2021-04-18 00:30:07,131:INFO:Importing untrained model
2021-04-18 00:30:07,148:INFO:K Neighbors Classifier Imported succesfully
2021-04-18 00:30:07,171:INFO:Starting cross validation
2021-04-18 00:30:07,171:INFO:Cross validating with StratifiedKFold(n_splits=10, random_state=None, shuffle=False), n_jobs=-1
2021-04-18 00:30:08,354:INFO:Calculating mean and std
2021-04-18 00:30:08,355:INFO:Creating metrics dataframe
2021-04-18 00:30:08,359:INFO:Uploading results into container
2021-04-18 00:30:08,359:INFO:Uploading model into container now
2021-04-18 00:30:08,360:INFO:create_model_container: 2
2021-04-18 00:30:08,360:INFO:master_model_container: 2
2021-04-18 00:30:08,360:INFO:display_container: 2
2021-04-18 00:30:08,360:INFO:KNeighborsClassifier(algorithm='auto', leaf_size=30, metric='minkowski',
                     metric_params=None, n_jobs=-1, n_neighbors=5, p=2,
                     weights='uniform')
2021-04-18 00:30:08,360:INFO:create_model() succesfully completed......................................
2021-04-18 00:30:08,468:INFO:SubProcess create_model() end ==================================
2021-04-18 00:30:08,469:INFO:Creating metrics dataframe
2021-04-18 00:30:08,490:INFO:Initializing Naive Bayes
2021-04-18 00:30:08,491:INFO:Total runtime is 0.08421835104624431 minutes
2021-04-18 00:30:08,500:INFO:SubProcess create_model() called ==================================
2021-04-18 00:30:08,500:INFO:Initializing create_model()
2021-04-18 00:30:08,500:INFO:create_model(estimator=nb, fold=StratifiedKFold(n_splits=10, random_state=None, shuffle=False), round=4, cross_validation=True, predict=True, fit_kwargs={}, groups=None, refit=False, verbose=False, system=False, metrics=None, display=<pycaret.internal.Display.Display object at 0x1526899a0>, kwargs={})
2021-04-18 00:30:08,500:INFO:Checking exceptions
2021-04-18 00:30:08,500:INFO:Importing libraries
2021-04-18 00:30:08,501:INFO:Copying training dataset
2021-04-18 00:30:08,501:INFO:Defining folds
2021-04-18 00:30:08,501:INFO:Declaring metric variables
2021-04-18 00:30:08,510:INFO:Importing untrained model
2021-04-18 00:30:08,519:INFO:Naive Bayes Imported succesfully
2021-04-18 00:30:08,538:INFO:Starting cross validation
2021-04-18 00:30:08,540:INFO:Cross validating with StratifiedKFold(n_splits=10, random_state=None, shuffle=False), n_jobs=-1
2021-04-18 00:30:08,622:INFO:Calculating mean and std
2021-04-18 00:30:08,625:INFO:Creating metrics dataframe
2021-04-18 00:30:08,637:INFO:Uploading results into container
2021-04-18 00:30:08,637:INFO:Uploading model into container now
2021-04-18 00:30:08,638:INFO:create_model_container: 3
2021-04-18 00:30:08,638:INFO:master_model_container: 3
2021-04-18 00:30:08,638:INFO:display_container: 2
2021-04-18 00:30:08,638:INFO:GaussianNB(priors=None, var_smoothing=1e-09)
2021-04-18 00:30:08,638:INFO:create_model() succesfully completed......................................
2021-04-18 00:30:08,769:INFO:SubProcess create_model() end ==================================
2021-04-18 00:30:08,769:INFO:Creating metrics dataframe
2021-04-18 00:30:08,795:INFO:Initializing Decision Tree Classifier
2021-04-18 00:30:08,795:INFO:Total runtime is 0.089291516939799 minutes
2021-04-18 00:30:08,804:INFO:SubProcess create_model() called ==================================
2021-04-18 00:30:08,805:INFO:Initializing create_model()
2021-04-18 00:30:08,805:INFO:create_model(estimator=dt, fold=StratifiedKFold(n_splits=10, random_state=None, shuffle=False), round=4, cross_validation=True, predict=True, fit_kwargs={}, groups=None, refit=False, verbose=False, system=False, metrics=None, display=<pycaret.internal.Display.Display object at 0x1526899a0>, kwargs={})
2021-04-18 00:30:08,805:INFO:Checking exceptions
2021-04-18 00:30:08,805:INFO:Importing libraries
2021-04-18 00:30:08,806:INFO:Copying training dataset
2021-04-18 00:30:08,807:INFO:Defining folds
2021-04-18 00:30:08,807:INFO:Declaring metric variables
2021-04-18 00:30:08,815:INFO:Importing untrained model
2021-04-18 00:30:08,826:INFO:Decision Tree Classifier Imported succesfully
2021-04-18 00:30:08,847:INFO:Starting cross validation
2021-04-18 00:30:08,848:INFO:Cross validating with StratifiedKFold(n_splits=10, random_state=None, shuffle=False), n_jobs=-1
2021-04-18 00:30:08,996:INFO:Calculating mean and std
2021-04-18 00:30:08,998:INFO:Creating metrics dataframe
2021-04-18 00:30:09,004:INFO:Uploading results into container
2021-04-18 00:30:09,004:INFO:Uploading model into container now
2021-04-18 00:30:09,004:INFO:create_model_container: 4
2021-04-18 00:30:09,004:INFO:master_model_container: 4
2021-04-18 00:30:09,004:INFO:display_container: 2
2021-04-18 00:30:09,005:INFO:DecisionTreeClassifier(ccp_alpha=0.0, class_weight=None, criterion='gini',
                       max_depth=None, max_features=None, max_leaf_nodes=None,
                       min_impurity_decrease=0.0, min_impurity_split=None,
                       min_samples_leaf=1, min_samples_split=2,
                       min_weight_fraction_leaf=0.0, presort='deprecated',
                       random_state=2059, splitter='best')
2021-04-18 00:30:09,005:INFO:create_model() succesfully completed......................................
2021-04-18 00:30:09,109:INFO:SubProcess create_model() end ==================================
2021-04-18 00:30:09,109:INFO:Creating metrics dataframe
2021-04-18 00:30:09,132:INFO:Initializing SVM - Linear Kernel
2021-04-18 00:30:09,132:INFO:Total runtime is 0.09490458567937217 minutes
2021-04-18 00:30:09,142:INFO:SubProcess create_model() called ==================================
2021-04-18 00:30:09,142:INFO:Initializing create_model()
2021-04-18 00:30:09,143:INFO:create_model(estimator=svm, fold=StratifiedKFold(n_splits=10, random_state=None, shuffle=False), round=4, cross_validation=True, predict=True, fit_kwargs={}, groups=None, refit=False, verbose=False, system=False, metrics=None, display=<pycaret.internal.Display.Display object at 0x1526899a0>, kwargs={})
2021-04-18 00:30:09,143:INFO:Checking exceptions
2021-04-18 00:30:09,143:INFO:Importing libraries
2021-04-18 00:30:09,143:INFO:Copying training dataset
2021-04-18 00:30:09,144:INFO:Defining folds
2021-04-18 00:30:09,144:INFO:Declaring metric variables
2021-04-18 00:30:09,152:INFO:Importing untrained model
2021-04-18 00:30:09,163:INFO:SVM - Linear Kernel Imported succesfully
2021-04-18 00:30:09,183:INFO:Starting cross validation
2021-04-18 00:30:09,184:INFO:Cross validating with StratifiedKFold(n_splits=10, random_state=None, shuffle=False), n_jobs=-1
2021-04-18 00:30:09,257:INFO:Calculating mean and std
2021-04-18 00:30:09,259:INFO:Creating metrics dataframe
2021-04-18 00:30:09,264:INFO:Uploading results into container
2021-04-18 00:30:09,264:INFO:Uploading model into container now
2021-04-18 00:30:09,264:INFO:create_model_container: 5
2021-04-18 00:30:09,264:INFO:master_model_container: 5
2021-04-18 00:30:09,264:INFO:display_container: 2
2021-04-18 00:30:09,265:INFO:SGDClassifier(alpha=0.0001, average=False, class_weight=None,
              early_stopping=False, epsilon=0.1, eta0=0.001, fit_intercept=True,
              l1_ratio=0.15, learning_rate='optimal', loss='hinge',
              max_iter=1000, n_iter_no_change=5, n_jobs=-1, penalty='l2',
              power_t=0.5, random_state=2059, shuffle=True, tol=0.001,
              validation_fraction=0.1, verbose=0, warm_start=False)
2021-04-18 00:30:09,265:INFO:create_model() succesfully completed......................................
2021-04-18 00:30:09,368:INFO:SubProcess create_model() end ==================================
2021-04-18 00:30:09,368:INFO:Creating metrics dataframe
2021-04-18 00:30:09,393:INFO:Initializing Ridge Classifier
2021-04-18 00:30:09,393:INFO:Total runtime is 0.09926476875940961 minutes
2021-04-18 00:30:09,403:INFO:SubProcess create_model() called ==================================
2021-04-18 00:30:09,403:INFO:Initializing create_model()
2021-04-18 00:30:09,403:INFO:create_model(estimator=ridge, fold=StratifiedKFold(n_splits=10, random_state=None, shuffle=False), round=4, cross_validation=True, predict=True, fit_kwargs={}, groups=None, refit=False, verbose=False, system=False, metrics=None, display=<pycaret.internal.Display.Display object at 0x1526899a0>, kwargs={})
2021-04-18 00:30:09,403:INFO:Checking exceptions
2021-04-18 00:30:09,403:INFO:Importing libraries
2021-04-18 00:30:09,404:INFO:Copying training dataset
2021-04-18 00:30:09,404:INFO:Defining folds
2021-04-18 00:30:09,405:INFO:Declaring metric variables
2021-04-18 00:30:09,413:INFO:Importing untrained model
2021-04-18 00:30:09,422:INFO:Ridge Classifier Imported succesfully
2021-04-18 00:30:09,443:INFO:Starting cross validation
2021-04-18 00:30:09,443:INFO:Cross validating with StratifiedKFold(n_splits=10, random_state=None, shuffle=False), n_jobs=-1
2021-04-18 00:30:09,509:INFO:Calculating mean and std
2021-04-18 00:30:09,510:INFO:Creating metrics dataframe
2021-04-18 00:30:09,515:INFO:Uploading results into container
2021-04-18 00:30:09,515:INFO:Uploading model into container now
2021-04-18 00:30:09,515:INFO:create_model_container: 6
2021-04-18 00:30:09,515:INFO:master_model_container: 6
2021-04-18 00:30:09,515:INFO:display_container: 2
2021-04-18 00:30:09,516:INFO:RidgeClassifier(alpha=1.0, class_weight=None, copy_X=True, fit_intercept=True,
                max_iter=None, normalize=False, random_state=2059,
                solver='auto', tol=0.001)
2021-04-18 00:30:09,516:INFO:create_model() succesfully completed......................................
2021-04-18 00:30:09,614:INFO:SubProcess create_model() end ==================================
2021-04-18 00:30:09,614:INFO:Creating metrics dataframe
2021-04-18 00:30:09,639:INFO:Initializing Random Forest Classifier
2021-04-18 00:30:09,639:INFO:Total runtime is 0.10336045424143475 minutes
2021-04-18 00:30:09,648:INFO:SubProcess create_model() called ==================================
2021-04-18 00:30:09,649:INFO:Initializing create_model()
2021-04-18 00:30:09,649:INFO:create_model(estimator=rf, fold=StratifiedKFold(n_splits=10, random_state=None, shuffle=False), round=4, cross_validation=True, predict=True, fit_kwargs={}, groups=None, refit=False, verbose=False, system=False, metrics=None, display=<pycaret.internal.Display.Display object at 0x1526899a0>, kwargs={})
2021-04-18 00:30:09,649:INFO:Checking exceptions
2021-04-18 00:30:09,649:INFO:Importing libraries
2021-04-18 00:30:09,649:INFO:Copying training dataset
2021-04-18 00:30:09,650:INFO:Defining folds
2021-04-18 00:30:09,650:INFO:Declaring metric variables
2021-04-18 00:30:09,659:INFO:Importing untrained model
2021-04-18 00:30:09,667:INFO:Random Forest Classifier Imported succesfully
2021-04-18 00:30:09,687:INFO:Starting cross validation
2021-04-18 00:30:09,687:INFO:Cross validating with StratifiedKFold(n_splits=10, random_state=None, shuffle=False), n_jobs=-1
2021-04-18 00:30:10,150:INFO:Calculating mean and std
2021-04-18 00:30:10,151:INFO:Creating metrics dataframe
2021-04-18 00:30:10,162:INFO:Uploading results into container
2021-04-18 00:30:10,162:INFO:Uploading model into container now
2021-04-18 00:30:10,162:INFO:create_model_container: 7
2021-04-18 00:30:10,163:INFO:master_model_container: 7
2021-04-18 00:30:10,163:INFO:display_container: 2
2021-04-18 00:30:10,163:INFO:RandomForestClassifier(bootstrap=True, ccp_alpha=0.0, class_weight=None,
                       criterion='gini', max_depth=None, max_features='auto',
                       max_leaf_nodes=None, max_samples=None,
                       min_impurity_decrease=0.0, min_impurity_split=None,
                       min_samples_leaf=1, min_samples_split=2,
                       min_weight_fraction_leaf=0.0, n_estimators=100,
                       n_jobs=-1, oob_score=False, random_state=2059, verbose=0,
                       warm_start=False)
2021-04-18 00:30:10,163:INFO:create_model() succesfully completed......................................
2021-04-18 00:30:10,277:INFO:SubProcess create_model() end ==================================
2021-04-18 00:30:10,277:INFO:Creating metrics dataframe
2021-04-18 00:30:10,302:INFO:Initializing Quadratic Discriminant Analysis
2021-04-18 00:30:10,302:INFO:Total runtime is 0.11440955003102622 minutes
2021-04-18 00:30:10,311:INFO:SubProcess create_model() called ==================================
2021-04-18 00:30:10,312:INFO:Initializing create_model()
2021-04-18 00:30:10,312:INFO:create_model(estimator=qda, fold=StratifiedKFold(n_splits=10, random_state=None, shuffle=False), round=4, cross_validation=True, predict=True, fit_kwargs={}, groups=None, refit=False, verbose=False, system=False, metrics=None, display=<pycaret.internal.Display.Display object at 0x1526899a0>, kwargs={})
2021-04-18 00:30:10,312:INFO:Checking exceptions
2021-04-18 00:30:10,312:INFO:Importing libraries
2021-04-18 00:30:10,312:INFO:Copying training dataset
2021-04-18 00:30:10,313:INFO:Defining folds
2021-04-18 00:30:10,313:INFO:Declaring metric variables
2021-04-18 00:30:10,321:INFO:Importing untrained model
2021-04-18 00:30:10,330:INFO:Quadratic Discriminant Analysis Imported succesfully
2021-04-18 00:30:10,349:INFO:Starting cross validation
2021-04-18 00:30:10,349:INFO:Cross validating with StratifiedKFold(n_splits=10, random_state=None, shuffle=False), n_jobs=-1
2021-04-18 00:30:10,434:INFO:Calculating mean and std
2021-04-18 00:30:10,435:INFO:Creating metrics dataframe
2021-04-18 00:30:10,442:INFO:Uploading results into container
2021-04-18 00:30:10,442:INFO:Uploading model into container now
2021-04-18 00:30:10,442:INFO:create_model_container: 8
2021-04-18 00:30:10,442:INFO:master_model_container: 8
2021-04-18 00:30:10,442:INFO:display_container: 2
2021-04-18 00:30:10,442:INFO:QuadraticDiscriminantAnalysis(priors=None, reg_param=0.0,
                              store_covariance=False, tol=0.0001)
2021-04-18 00:30:10,442:INFO:create_model() succesfully completed......................................
2021-04-18 00:30:10,545:INFO:SubProcess create_model() end ==================================
2021-04-18 00:30:10,545:INFO:Creating metrics dataframe
2021-04-18 00:30:10,574:INFO:Initializing Ada Boost Classifier
2021-04-18 00:30:10,574:INFO:Total runtime is 0.11894510189692181 minutes
2021-04-18 00:30:10,586:INFO:SubProcess create_model() called ==================================
2021-04-18 00:30:10,586:INFO:Initializing create_model()
2021-04-18 00:30:10,586:INFO:create_model(estimator=ada, fold=StratifiedKFold(n_splits=10, random_state=None, shuffle=False), round=4, cross_validation=True, predict=True, fit_kwargs={}, groups=None, refit=False, verbose=False, system=False, metrics=None, display=<pycaret.internal.Display.Display object at 0x1526899a0>, kwargs={})
2021-04-18 00:30:10,586:INFO:Checking exceptions
2021-04-18 00:30:10,586:INFO:Importing libraries
2021-04-18 00:30:10,586:INFO:Copying training dataset
2021-04-18 00:30:10,587:INFO:Defining folds
2021-04-18 00:30:10,587:INFO:Declaring metric variables
2021-04-18 00:30:10,598:INFO:Importing untrained model
2021-04-18 00:30:10,609:INFO:Ada Boost Classifier Imported succesfully
2021-04-18 00:30:10,631:INFO:Starting cross validation
2021-04-18 00:30:10,632:INFO:Cross validating with StratifiedKFold(n_splits=10, random_state=None, shuffle=False), n_jobs=-1
2021-04-18 00:30:10,813:INFO:Calculating mean and std
2021-04-18 00:30:10,814:INFO:Creating metrics dataframe
2021-04-18 00:30:10,822:INFO:Uploading results into container
2021-04-18 00:30:10,822:INFO:Uploading model into container now
2021-04-18 00:30:10,822:INFO:create_model_container: 9
2021-04-18 00:30:10,823:INFO:master_model_container: 9
2021-04-18 00:30:10,823:INFO:display_container: 2
2021-04-18 00:30:10,823:INFO:AdaBoostClassifier(algorithm='SAMME.R', base_estimator=None, learning_rate=1.0,
                   n_estimators=50, random_state=2059)
2021-04-18 00:30:10,824:INFO:create_model() succesfully completed......................................
2021-04-18 00:30:10,926:INFO:SubProcess create_model() end ==================================
2021-04-18 00:30:10,927:INFO:Creating metrics dataframe
2021-04-18 00:30:10,968:INFO:Initializing Gradient Boosting Classifier
2021-04-18 00:30:10,968:INFO:Total runtime is 0.12550390164057415 minutes
2021-04-18 00:30:10,985:INFO:SubProcess create_model() called ==================================
2021-04-18 00:30:10,986:INFO:Initializing create_model()
2021-04-18 00:30:10,986:INFO:create_model(estimator=gbc, fold=StratifiedKFold(n_splits=10, random_state=None, shuffle=False), round=4, cross_validation=True, predict=True, fit_kwargs={}, groups=None, refit=False, verbose=False, system=False, metrics=None, display=<pycaret.internal.Display.Display object at 0x1526899a0>, kwargs={})
2021-04-18 00:30:10,986:INFO:Checking exceptions
2021-04-18 00:30:10,986:INFO:Importing libraries
2021-04-18 00:30:10,986:INFO:Copying training dataset
2021-04-18 00:30:10,987:INFO:Defining folds
2021-04-18 00:30:10,987:INFO:Declaring metric variables
2021-04-18 00:30:10,998:INFO:Importing untrained model
2021-04-18 00:30:11,008:INFO:Gradient Boosting Classifier Imported succesfully
2021-04-18 00:30:11,027:INFO:Starting cross validation
2021-04-18 00:30:11,028:INFO:Cross validating with StratifiedKFold(n_splits=10, random_state=None, shuffle=False), n_jobs=-1
2021-04-18 00:30:11,181:INFO:Calculating mean and std
2021-04-18 00:30:11,182:INFO:Creating metrics dataframe
2021-04-18 00:30:11,187:INFO:Uploading results into container
2021-04-18 00:30:11,187:INFO:Uploading model into container now
2021-04-18 00:30:11,187:INFO:create_model_container: 10
2021-04-18 00:30:11,187:INFO:master_model_container: 10
2021-04-18 00:30:11,187:INFO:display_container: 2
2021-04-18 00:30:11,187:INFO:GradientBoostingClassifier(ccp_alpha=0.0, criterion='friedman_mse', init=None,
                           learning_rate=0.1, loss='deviance', max_depth=3,
                           max_features=None, max_leaf_nodes=None,
                           min_impurity_decrease=0.0, min_impurity_split=None,
                           min_samples_leaf=1, min_samples_split=2,
                           min_weight_fraction_leaf=0.0, n_estimators=100,
                           n_iter_no_change=None, presort='deprecated',
                           random_state=2059, subsample=1.0, tol=0.0001,
                           validation_fraction=0.1, verbose=0,
                           warm_start=False)
2021-04-18 00:30:11,187:INFO:create_model() succesfully completed......................................
2021-04-18 00:30:11,292:INFO:SubProcess create_model() end ==================================
2021-04-18 00:30:11,292:INFO:Creating metrics dataframe
2021-04-18 00:30:11,319:INFO:Initializing Linear Discriminant Analysis
2021-04-18 00:30:11,319:INFO:Total runtime is 0.13136238654454552 minutes
2021-04-18 00:30:11,330:INFO:SubProcess create_model() called ==================================
2021-04-18 00:30:11,331:INFO:Initializing create_model()
2021-04-18 00:30:11,331:INFO:create_model(estimator=lda, fold=StratifiedKFold(n_splits=10, random_state=None, shuffle=False), round=4, cross_validation=True, predict=True, fit_kwargs={}, groups=None, refit=False, verbose=False, system=False, metrics=None, display=<pycaret.internal.Display.Display object at 0x1526899a0>, kwargs={})
2021-04-18 00:30:11,331:INFO:Checking exceptions
2021-04-18 00:30:11,331:INFO:Importing libraries
2021-04-18 00:30:11,331:INFO:Copying training dataset
2021-04-18 00:30:11,332:INFO:Defining folds
2021-04-18 00:30:11,332:INFO:Declaring metric variables
2021-04-18 00:30:11,341:INFO:Importing untrained model
2021-04-18 00:30:11,349:INFO:Linear Discriminant Analysis Imported succesfully
2021-04-18 00:30:11,367:INFO:Starting cross validation
2021-04-18 00:30:11,368:INFO:Cross validating with StratifiedKFold(n_splits=10, random_state=None, shuffle=False), n_jobs=-1
2021-04-18 00:30:11,469:INFO:Calculating mean and std
2021-04-18 00:30:11,471:INFO:Creating metrics dataframe
2021-04-18 00:30:11,484:INFO:Uploading results into container
2021-04-18 00:30:11,484:INFO:Uploading model into container now
2021-04-18 00:30:11,484:INFO:create_model_container: 11
2021-04-18 00:30:11,485:INFO:master_model_container: 11
2021-04-18 00:30:11,485:INFO:display_container: 2
2021-04-18 00:30:11,486:INFO:LinearDiscriminantAnalysis(n_components=None, priors=None, shrinkage=None,
                           solver='svd', store_covariance=False, tol=0.0001)
2021-04-18 00:30:11,486:INFO:create_model() succesfully completed......................................
2021-04-18 00:30:11,605:INFO:SubProcess create_model() end ==================================
2021-04-18 00:30:11,605:INFO:Creating metrics dataframe
2021-04-18 00:30:11,633:INFO:Initializing Extra Trees Classifier
2021-04-18 00:30:11,633:INFO:Total runtime is 0.13658488194147747 minutes
2021-04-18 00:30:11,643:INFO:SubProcess create_model() called ==================================
2021-04-18 00:30:11,643:INFO:Initializing create_model()
2021-04-18 00:30:11,643:INFO:create_model(estimator=et, fold=StratifiedKFold(n_splits=10, random_state=None, shuffle=False), round=4, cross_validation=True, predict=True, fit_kwargs={}, groups=None, refit=False, verbose=False, system=False, metrics=None, display=<pycaret.internal.Display.Display object at 0x1526899a0>, kwargs={})
2021-04-18 00:30:11,643:INFO:Checking exceptions
2021-04-18 00:30:11,643:INFO:Importing libraries
2021-04-18 00:30:11,643:INFO:Copying training dataset
2021-04-18 00:30:11,644:INFO:Defining folds
2021-04-18 00:30:11,644:INFO:Declaring metric variables
2021-04-18 00:30:11,653:INFO:Importing untrained model
2021-04-18 00:30:11,662:INFO:Extra Trees Classifier Imported succesfully
2021-04-18 00:30:11,680:INFO:Starting cross validation
2021-04-18 00:30:11,681:INFO:Cross validating with StratifiedKFold(n_splits=10, random_state=None, shuffle=False), n_jobs=-1
2021-04-18 00:30:12,100:INFO:Calculating mean and std
2021-04-18 00:30:12,101:INFO:Creating metrics dataframe
2021-04-18 00:30:12,105:INFO:Uploading results into container
2021-04-18 00:30:12,106:INFO:Uploading model into container now
2021-04-18 00:30:12,106:INFO:create_model_container: 12
2021-04-18 00:30:12,106:INFO:master_model_container: 12
2021-04-18 00:30:12,106:INFO:display_container: 2
2021-04-18 00:30:12,107:INFO:ExtraTreesClassifier(bootstrap=False, ccp_alpha=0.0, class_weight=None,
                     criterion='gini', max_depth=None, max_features='auto',
                     max_leaf_nodes=None, max_samples=None,
                     min_impurity_decrease=0.0, min_impurity_split=None,
                     min_samples_leaf=1, min_samples_split=2,
                     min_weight_fraction_leaf=0.0, n_estimators=100, n_jobs=-1,
                     oob_score=False, random_state=2059, verbose=0,
                     warm_start=False)
2021-04-18 00:30:12,107:INFO:create_model() succesfully completed......................................
2021-04-18 00:30:12,201:INFO:SubProcess create_model() end ==================================
2021-04-18 00:30:12,201:INFO:Creating metrics dataframe
2021-04-18 00:30:12,229:INFO:Initializing Light Gradient Boosting Machine
2021-04-18 00:30:12,229:INFO:Total runtime is 0.14653081496556603 minutes
2021-04-18 00:30:12,238:INFO:SubProcess create_model() called ==================================
2021-04-18 00:30:12,238:INFO:Initializing create_model()
2021-04-18 00:30:12,239:INFO:create_model(estimator=lightgbm, fold=StratifiedKFold(n_splits=10, random_state=None, shuffle=False), round=4, cross_validation=True, predict=True, fit_kwargs={}, groups=None, refit=False, verbose=False, system=False, metrics=None, display=<pycaret.internal.Display.Display object at 0x1526899a0>, kwargs={})
2021-04-18 00:30:12,239:INFO:Checking exceptions
2021-04-18 00:30:12,239:INFO:Importing libraries
2021-04-18 00:30:12,239:INFO:Copying training dataset
2021-04-18 00:30:12,240:INFO:Defining folds
2021-04-18 00:30:12,240:INFO:Declaring metric variables
2021-04-18 00:30:12,248:INFO:Importing untrained model
2021-04-18 00:30:12,257:INFO:Light Gradient Boosting Machine Imported succesfully
2021-04-18 00:30:12,275:INFO:Starting cross validation
2021-04-18 00:30:12,275:INFO:Cross validating with StratifiedKFold(n_splits=10, random_state=None, shuffle=False), n_jobs=-1
2021-04-18 00:30:12,407:INFO:Calculating mean and std
2021-04-18 00:30:12,408:INFO:Creating metrics dataframe
2021-04-18 00:30:12,413:INFO:Uploading results into container
2021-04-18 00:30:12,413:INFO:Uploading model into container now
2021-04-18 00:30:12,413:INFO:create_model_container: 13
2021-04-18 00:30:12,413:INFO:master_model_container: 13
2021-04-18 00:30:12,413:INFO:display_container: 2
2021-04-18 00:30:12,414:INFO:LGBMClassifier(boosting_type='gbdt', class_weight=None, colsample_bytree=1.0,
               importance_type='split', learning_rate=0.1, max_depth=-1,
               min_child_samples=20, min_child_weight=0.001, min_split_gain=0.0,
               n_estimators=100, n_jobs=-1, num_leaves=31, objective=None,
               random_state=2059, reg_alpha=0.0, reg_lambda=0.0, silent=True,
               subsample=1.0, subsample_for_bin=200000, subsample_freq=0)
2021-04-18 00:30:12,414:INFO:create_model() succesfully completed......................................
2021-04-18 00:30:12,515:INFO:SubProcess create_model() end ==================================
2021-04-18 00:30:12,515:INFO:Creating metrics dataframe
2021-04-18 00:30:12,566:INFO:Initializing create_model()
2021-04-18 00:30:12,566:INFO:create_model(estimator=KNeighborsClassifier(algorithm='auto', leaf_size=30, metric='minkowski',
                     metric_params=None, n_jobs=-1, n_neighbors=5, p=2,
                     weights='uniform'), fold=StratifiedKFold(n_splits=10, random_state=None, shuffle=False), round=4, cross_validation=False, predict=False, fit_kwargs={}, groups=None, refit=True, verbose=False, system=False, metrics=None, display=None, kwargs={})
2021-04-18 00:30:12,566:INFO:Checking exceptions
2021-04-18 00:30:12,566:INFO:Importing libraries
2021-04-18 00:30:12,566:INFO:Copying training dataset
2021-04-18 00:30:12,567:INFO:Defining folds
2021-04-18 00:30:12,567:INFO:Declaring metric variables
2021-04-18 00:30:12,567:INFO:Importing untrained model
2021-04-18 00:30:12,567:INFO:Declaring custom model
2021-04-18 00:30:12,567:INFO:K Neighbors Classifier Imported succesfully
2021-04-18 00:30:12,568:INFO:Cross validation set to False
2021-04-18 00:30:12,568:INFO:Fitting Model
2021-04-18 00:30:12,572:INFO:KNeighborsClassifier(algorithm='auto', leaf_size=30, metric='minkowski',
                     metric_params=None, n_jobs=-1, n_neighbors=5, p=2,
                     weights='uniform')
2021-04-18 00:30:12,572:INFO:create_models() succesfully completed......................................
2021-04-18 00:30:12,727:INFO:create_model_container: 13
2021-04-18 00:30:12,727:INFO:master_model_container: 13
2021-04-18 00:30:12,727:INFO:display_container: 2
2021-04-18 00:30:12,727:INFO:KNeighborsClassifier(algorithm='auto', leaf_size=30, metric='minkowski',
                     metric_params=None, n_jobs=-1, n_neighbors=5, p=2,
                     weights='uniform')
2021-04-18 00:30:12,728:INFO:compare_models() succesfully completed......................................
2021-04-18 00:36:57,651:INFO:PyCaret Supervised Module
2021-04-18 00:36:57,652:INFO:ML Usecase: classification
2021-04-18 00:36:57,652:INFO:version 2.3.0
2021-04-18 00:36:57,652:INFO:Initializing setup()
2021-04-18 00:36:57,652:INFO:setup(target=Label, ml_usecase=classification, available_plots={'parameter': 'Hyperparameters', 'auc': 'AUC', 'confusion_matrix': 'Confusion Matrix', 'threshold': 'Threshold', 'pr': 'Precision Recall', 'error': 'Prediction Error', 'class_report': 'Class Report', 'rfe': 'Feature Selection', 'learning': 'Learning Curve', 'manifold': 'Manifold Learning', 'calibration': 'Calibration Curve', 'vc': 'Validation Curve', 'dimension': 'Dimensions', 'feature': 'Feature Importance', 'feature_all': 'Feature Importance (All)', 'boundary': 'Decision Boundary', 'lift': 'Lift Chart', 'gain': 'Gain Chart', 'tree': 'Decision Tree'}, train_size=0.7, test_data=None, preprocess=True, imputation_type=simple, iterative_imputation_iters=5, categorical_features=None, categorical_imputation=constant, categorical_iterative_imputer=lightgbm, ordinal_features=None, high_cardinality_features=None, high_cardinality_method=frequency, numeric_features=None, numeric_imputation=mean, numeric_iterative_imputer=lightgbm, date_features=None, ignore_features=None, normalize=False, normalize_method=zscore, transformation=False, transformation_method=yeo-johnson, handle_unknown_categorical=True, unknown_categorical_method=least_frequent, pca=False, pca_method=linear, pca_components=None, ignore_low_variance=False, combine_rare_levels=False, rare_level_threshold=0.1, bin_numeric_features=None, remove_outliers=False, outliers_threshold=0.05, remove_multicollinearity=False, multicollinearity_threshold=0.9, remove_perfect_collinearity=True, create_clusters=False, cluster_iter=20, polynomial_features=False, polynomial_degree=2, trigonometry_features=False, polynomial_threshold=0.1, group_features=None, group_names=None, feature_selection=False, feature_selection_threshold=0.8, feature_selection_method=classic, feature_interaction=False, feature_ratio=False, interaction_threshold=0.01, fix_imbalance=False, fix_imbalance_method=None, transform_target=False, transform_target_method=box-cox, data_split_shuffle=True, data_split_stratify=False, fold_strategy=stratifiedkfold, fold=10, fold_shuffle=False, fold_groups=None, n_jobs=-1, use_gpu=False, custom_pipeline=None, html=True, session_id=None, log_experiment=False, experiment_name=None, log_plots=False, log_profile=False, log_data=False, silent=False, verbose=True, profile=False, profile_kwargs=None, display=None)
2021-04-18 00:36:57,652:INFO:Checking environment
2021-04-18 00:36:57,652:INFO:python_version: 3.8.5
2021-04-18 00:36:57,652:INFO:python_build: ('default', 'Sep  4 2020 02:22:02')
2021-04-18 00:36:57,652:INFO:machine: x86_64
2021-04-18 00:36:57,666:INFO:platform: macOS-10.15.4-x86_64-i386-64bit
2021-04-18 00:36:57,667:WARNING:cannot find psutil installation. memory not traceable. Install psutil using pip to enable memory logging.
2021-04-18 00:36:57,667:INFO:Checking libraries
2021-04-18 00:36:57,667:INFO:pd==1.2.4
2021-04-18 00:36:57,667:INFO:numpy==1.19.5
2021-04-18 00:36:57,667:INFO:sklearn==0.23.2
2021-04-18 00:36:57,667:INFO:lightgbm==3.2.1
2021-04-18 00:36:57,667:WARNING:catboost not found
2021-04-18 00:36:57,668:WARNING:xgboost not found
2021-04-18 00:36:58,130:INFO:mlflow==1.15.0
2021-04-18 00:36:58,130:INFO:Checking Exceptions
2021-04-18 00:36:58,130:INFO:Declaring global variables
2021-04-18 00:36:58,130:INFO:USI: 302a
2021-04-18 00:36:58,130:INFO:pycaret_globals: {'n_jobs_param', 'y', 'imputation_classifier', 'fold_groups_param', 'USI', 'log_plots_param', 'y_test', '_ml_usecase', 'X', 'imputation_regressor', 'X_train', 'seed', '_all_models', 'fold_generator', 'fold_shuffle_param', 'gpu_param', 'y_train', 'display_container', 'data_before_preprocess', 'exp_name_log', 'fix_imbalance_param', 'create_model_container', 'html_param', 'transform_target_param', 'logging_param', 'target_param', '_available_plots', 'iterative_imputation_iters_param', 'experiment__', 'master_model_container', 'pycaret_globals', 'transform_target_method_param', 'stratify_param', 'X_test', 'prep_pipe', 'fold_param', '_all_models_internal', '_all_metrics', '_internal_pipeline', 'fix_imbalance_method_param', '_gpu_n_jobs_param'}
2021-04-18 00:36:58,130:INFO:Preparing display monitor
2021-04-18 00:36:58,131:INFO:Preparing display monitor
2021-04-18 00:36:58,144:INFO:Importing libraries
2021-04-18 00:36:58,144:INFO:Copying data for preprocessing
2021-04-18 00:36:58,150:INFO:Declaring preprocessing parameters
2021-04-18 00:36:58,151:INFO:Creating preprocessing pipeline
2021-04-18 00:36:58,170:INFO:Preprocessing pipeline created successfully
2021-04-18 00:36:58,170:ERROR:(Process Exit): setup has been interupted with user command 'quit'. setup must rerun.
2021-04-18 00:36:58,171:INFO:Creating global containers
2021-04-18 00:36:58,172:INFO:Internal pipeline: Pipeline(memory=None, steps=[('empty_step', 'passthrough')], verbose=False)
2021-04-18 00:37:00,743:WARNING:Couldn't import xgboost.XGBClassifier
2021-04-18 00:37:00,744:WARNING:Couldn't import catboost.CatBoostClassifier
2021-04-18 00:37:00,809:WARNING:Couldn't import xgboost.XGBClassifier
2021-04-18 00:37:00,810:WARNING:Couldn't import catboost.CatBoostClassifier
2021-04-18 00:37:00,810:INFO:Creating grid variables
2021-04-18 00:37:00,824:INFO:create_model_container: 0
2021-04-18 00:37:00,824:INFO:master_model_container: 0
2021-04-18 00:37:00,825:INFO:display_container: 1
2021-04-18 00:37:00,829:INFO:Pipeline(memory=None,
         steps=[('dtypes',
                 DataTypes_Auto_infer(categorical_features=[],
                                      display_types=True, features_todrop=[],
                                      id_columns=[],
                                      ml_usecase='classification',
                                      numerical_features=[], target='Label',
                                      time_features=[])),
                ('imputer',
                 Simple_Imputer(categorical_strategy='not_available',
                                fill_value_categorical=None,
                                fill_value_numerical=None,
                                numeric_strate...
                ('scaling', 'passthrough'), ('P_transform', 'passthrough'),
                ('binn', 'passthrough'), ('rem_outliers', 'passthrough'),
                ('cluster_all', 'passthrough'),
                ('dummy', Dummify(target='Label')),
                ('fix_perfect', Remove_100(target='Label')),
                ('clean_names', Clean_Colum_Names()),
                ('feature_select', 'passthrough'), ('fix_multi', 'passthrough'),
                ('dfs', 'passthrough'), ('pca', 'passthrough')],
         verbose=False)
2021-04-18 00:37:00,829:INFO:setup() succesfully completed......................................
2021-04-18 00:37:22,072:INFO:Initializing compare_models()
2021-04-18 00:37:22,072:INFO:compare_models(include=None, fold=None, round=4, cross_validation=True, sort=Accuracy, n_select=1, budget_time=None, turbo=True, errors=ignore, fit_kwargs=None, groups=None, verbose=True, display=None, exclude=None)
2021-04-18 00:37:22,072:INFO:Checking exceptions
2021-04-18 00:37:22,073:INFO:Preparing display monitor
2021-04-18 00:37:22,074:INFO:Preparing display monitor
2021-04-18 00:37:22,102:INFO:Initializing Logistic Regression
2021-04-18 00:37:22,102:INFO:Total runtime is 3.151098887125651e-06 minutes
2021-04-18 00:37:22,112:INFO:SubProcess create_model() called ==================================
2021-04-18 00:37:22,113:INFO:Initializing create_model()
2021-04-18 00:37:22,113:INFO:create_model(estimator=lr, fold=StratifiedKFold(n_splits=10, random_state=None, shuffle=False), round=4, cross_validation=True, predict=True, fit_kwargs={}, groups=None, refit=False, verbose=False, system=False, metrics=None, display=<pycaret.internal.Display.Display object at 0x15874b430>, kwargs={})
2021-04-18 00:37:22,113:INFO:Checking exceptions
2021-04-18 00:37:22,113:INFO:Importing libraries
2021-04-18 00:37:22,113:INFO:Copying training dataset
2021-04-18 00:37:22,113:INFO:Defining folds
2021-04-18 00:37:22,114:INFO:Declaring metric variables
2021-04-18 00:37:22,121:INFO:Importing untrained model
2021-04-18 00:37:22,129:INFO:Logistic Regression Imported succesfully
2021-04-18 00:37:22,147:INFO:Starting cross validation
2021-04-18 00:37:22,148:INFO:Cross validating with StratifiedKFold(n_splits=10, random_state=None, shuffle=False), n_jobs=-1
2021-04-18 00:37:25,251:INFO:Calculating mean and std
2021-04-18 00:37:25,255:INFO:Creating metrics dataframe
2021-04-18 00:37:25,263:INFO:Uploading results into container
2021-04-18 00:37:25,263:INFO:Uploading model into container now
2021-04-18 00:37:25,263:INFO:create_model_container: 1
2021-04-18 00:37:25,264:INFO:master_model_container: 1
2021-04-18 00:37:25,264:INFO:display_container: 2
2021-04-18 00:37:25,265:INFO:LogisticRegression(C=1.0, class_weight=None, dual=False, fit_intercept=True,
                   intercept_scaling=1, l1_ratio=None, max_iter=1000,
                   multi_class='auto', n_jobs=None, penalty='l2',
                   random_state=3350, solver='lbfgs', tol=0.0001, verbose=0,
                   warm_start=False)
2021-04-18 00:37:25,265:INFO:create_model() succesfully completed......................................
2021-04-18 00:37:25,372:INFO:SubProcess create_model() end ==================================
2021-04-18 00:37:25,372:INFO:Creating metrics dataframe
2021-04-18 00:37:25,393:INFO:Initializing K Neighbors Classifier
2021-04-18 00:37:25,393:INFO:Total runtime is 0.05485568443934123 minutes
2021-04-18 00:37:25,402:INFO:SubProcess create_model() called ==================================
2021-04-18 00:37:25,403:INFO:Initializing create_model()
2021-04-18 00:37:25,403:INFO:create_model(estimator=knn, fold=StratifiedKFold(n_splits=10, random_state=None, shuffle=False), round=4, cross_validation=True, predict=True, fit_kwargs={}, groups=None, refit=False, verbose=False, system=False, metrics=None, display=<pycaret.internal.Display.Display object at 0x15874b430>, kwargs={})
2021-04-18 00:37:25,403:INFO:Checking exceptions
2021-04-18 00:37:25,403:INFO:Importing libraries
2021-04-18 00:37:25,403:INFO:Copying training dataset
2021-04-18 00:37:25,404:INFO:Defining folds
2021-04-18 00:37:25,404:INFO:Declaring metric variables
2021-04-18 00:37:25,413:INFO:Importing untrained model
2021-04-18 00:37:25,422:INFO:K Neighbors Classifier Imported succesfully
2021-04-18 00:37:25,441:INFO:Starting cross validation
2021-04-18 00:37:25,442:INFO:Cross validating with StratifiedKFold(n_splits=10, random_state=None, shuffle=False), n_jobs=-1
2021-04-18 00:37:26,641:INFO:Calculating mean and std
2021-04-18 00:37:26,641:INFO:Creating metrics dataframe
2021-04-18 00:37:26,645:INFO:Uploading results into container
2021-04-18 00:37:26,645:INFO:Uploading model into container now
2021-04-18 00:37:26,645:INFO:create_model_container: 2
2021-04-18 00:37:26,645:INFO:master_model_container: 2
2021-04-18 00:37:26,645:INFO:display_container: 2
2021-04-18 00:37:26,646:INFO:KNeighborsClassifier(algorithm='auto', leaf_size=30, metric='minkowski',
                     metric_params=None, n_jobs=-1, n_neighbors=5, p=2,
                     weights='uniform')
2021-04-18 00:37:26,646:INFO:create_model() succesfully completed......................................
2021-04-18 00:37:26,732:INFO:SubProcess create_model() end ==================================
2021-04-18 00:37:26,732:INFO:Creating metrics dataframe
2021-04-18 00:37:26,755:INFO:Initializing Naive Bayes
2021-04-18 00:37:26,755:INFO:Total runtime is 0.07755370537439982 minutes
2021-04-18 00:37:26,764:INFO:SubProcess create_model() called ==================================
2021-04-18 00:37:26,765:INFO:Initializing create_model()
2021-04-18 00:37:26,765:INFO:create_model(estimator=nb, fold=StratifiedKFold(n_splits=10, random_state=None, shuffle=False), round=4, cross_validation=True, predict=True, fit_kwargs={}, groups=None, refit=False, verbose=False, system=False, metrics=None, display=<pycaret.internal.Display.Display object at 0x15874b430>, kwargs={})
2021-04-18 00:37:26,765:INFO:Checking exceptions
2021-04-18 00:37:26,765:INFO:Importing libraries
2021-04-18 00:37:26,765:INFO:Copying training dataset
2021-04-18 00:37:26,766:INFO:Defining folds
2021-04-18 00:37:26,766:INFO:Declaring metric variables
2021-04-18 00:37:26,774:INFO:Importing untrained model
2021-04-18 00:37:26,782:INFO:Naive Bayes Imported succesfully
2021-04-18 00:37:26,801:INFO:Starting cross validation
2021-04-18 00:37:26,802:INFO:Cross validating with StratifiedKFold(n_splits=10, random_state=None, shuffle=False), n_jobs=-1
2021-04-18 00:37:28,032:INFO:Calculating mean and std
2021-04-18 00:37:28,033:INFO:Creating metrics dataframe
2021-04-18 00:37:28,037:INFO:Uploading results into container
2021-04-18 00:37:28,037:INFO:Uploading model into container now
2021-04-18 00:37:28,037:INFO:create_model_container: 3
2021-04-18 00:37:28,037:INFO:master_model_container: 3
2021-04-18 00:37:28,037:INFO:display_container: 2
2021-04-18 00:37:28,037:INFO:GaussianNB(priors=None, var_smoothing=1e-09)
2021-04-18 00:37:28,037:INFO:create_model() succesfully completed......................................
2021-04-18 00:37:28,126:INFO:SubProcess create_model() end ==================================
2021-04-18 00:37:28,126:INFO:Creating metrics dataframe
2021-04-18 00:37:28,149:INFO:Initializing Decision Tree Classifier
2021-04-18 00:37:28,149:INFO:Total runtime is 0.10078685283660888 minutes
2021-04-18 00:37:28,159:INFO:SubProcess create_model() called ==================================
2021-04-18 00:37:28,159:INFO:Initializing create_model()
2021-04-18 00:37:28,159:INFO:create_model(estimator=dt, fold=StratifiedKFold(n_splits=10, random_state=None, shuffle=False), round=4, cross_validation=True, predict=True, fit_kwargs={}, groups=None, refit=False, verbose=False, system=False, metrics=None, display=<pycaret.internal.Display.Display object at 0x15874b430>, kwargs={})
2021-04-18 00:37:28,160:INFO:Checking exceptions
2021-04-18 00:37:28,160:INFO:Importing libraries
2021-04-18 00:37:28,160:INFO:Copying training dataset
2021-04-18 00:37:28,161:INFO:Defining folds
2021-04-18 00:37:28,161:INFO:Declaring metric variables
2021-04-18 00:37:28,171:INFO:Importing untrained model
2021-04-18 00:37:28,181:INFO:Decision Tree Classifier Imported succesfully
2021-04-18 00:37:28,201:INFO:Starting cross validation
2021-04-18 00:37:28,202:INFO:Cross validating with StratifiedKFold(n_splits=10, random_state=None, shuffle=False), n_jobs=-1
2021-04-18 00:37:28,333:INFO:Calculating mean and std
2021-04-18 00:37:28,335:INFO:Creating metrics dataframe
2021-04-18 00:37:28,345:INFO:Uploading results into container
2021-04-18 00:37:28,346:INFO:Uploading model into container now
2021-04-18 00:37:28,346:INFO:create_model_container: 4
2021-04-18 00:37:28,346:INFO:master_model_container: 4
2021-04-18 00:37:28,347:INFO:display_container: 2
2021-04-18 00:37:28,348:INFO:DecisionTreeClassifier(ccp_alpha=0.0, class_weight=None, criterion='gini',
                       max_depth=None, max_features=None, max_leaf_nodes=None,
                       min_impurity_decrease=0.0, min_impurity_split=None,
                       min_samples_leaf=1, min_samples_split=2,
                       min_weight_fraction_leaf=0.0, presort='deprecated',
                       random_state=3350, splitter='best')
2021-04-18 00:37:28,348:INFO:create_model() succesfully completed......................................
2021-04-18 00:37:28,453:INFO:SubProcess create_model() end ==================================
2021-04-18 00:37:28,453:INFO:Creating metrics dataframe
2021-04-18 00:37:28,478:INFO:Initializing SVM - Linear Kernel
2021-04-18 00:37:28,478:INFO:Total runtime is 0.10626562039057412 minutes
2021-04-18 00:37:28,487:INFO:SubProcess create_model() called ==================================
2021-04-18 00:37:28,487:INFO:Initializing create_model()
2021-04-18 00:37:28,487:INFO:create_model(estimator=svm, fold=StratifiedKFold(n_splits=10, random_state=None, shuffle=False), round=4, cross_validation=True, predict=True, fit_kwargs={}, groups=None, refit=False, verbose=False, system=False, metrics=None, display=<pycaret.internal.Display.Display object at 0x15874b430>, kwargs={})
2021-04-18 00:37:28,487:INFO:Checking exceptions
2021-04-18 00:37:28,487:INFO:Importing libraries
2021-04-18 00:37:28,488:INFO:Copying training dataset
2021-04-18 00:37:28,488:INFO:Defining folds
2021-04-18 00:37:28,489:INFO:Declaring metric variables
2021-04-18 00:37:28,497:INFO:Importing untrained model
2021-04-18 00:37:28,508:INFO:SVM - Linear Kernel Imported succesfully
2021-04-18 00:37:28,529:INFO:Starting cross validation
2021-04-18 00:37:28,530:INFO:Cross validating with StratifiedKFold(n_splits=10, random_state=None, shuffle=False), n_jobs=-1
2021-04-18 00:37:28,587:INFO:Calculating mean and std
2021-04-18 00:37:28,589:INFO:Creating metrics dataframe
2021-04-18 00:37:28,603:INFO:Uploading results into container
2021-04-18 00:37:28,603:INFO:Uploading model into container now
2021-04-18 00:37:28,603:INFO:create_model_container: 5
2021-04-18 00:37:28,603:INFO:master_model_container: 5
2021-04-18 00:37:28,604:INFO:display_container: 2
2021-04-18 00:37:28,604:INFO:SGDClassifier(alpha=0.0001, average=False, class_weight=None,
              early_stopping=False, epsilon=0.1, eta0=0.001, fit_intercept=True,
              l1_ratio=0.15, learning_rate='optimal', loss='hinge',
              max_iter=1000, n_iter_no_change=5, n_jobs=-1, penalty='l2',
              power_t=0.5, random_state=3350, shuffle=True, tol=0.001,
              validation_fraction=0.1, verbose=0, warm_start=False)
2021-04-18 00:37:28,604:INFO:create_model() succesfully completed......................................
2021-04-18 00:37:28,692:INFO:SubProcess create_model() end ==================================
2021-04-18 00:37:28,692:INFO:Creating metrics dataframe
2021-04-18 00:37:28,715:INFO:Initializing Ridge Classifier
2021-04-18 00:37:28,715:INFO:Total runtime is 0.11021700302759804 minutes
2021-04-18 00:37:28,725:INFO:SubProcess create_model() called ==================================
2021-04-18 00:37:28,726:INFO:Initializing create_model()
2021-04-18 00:37:28,726:INFO:create_model(estimator=ridge, fold=StratifiedKFold(n_splits=10, random_state=None, shuffle=False), round=4, cross_validation=True, predict=True, fit_kwargs={}, groups=None, refit=False, verbose=False, system=False, metrics=None, display=<pycaret.internal.Display.Display object at 0x15874b430>, kwargs={})
2021-04-18 00:37:28,726:INFO:Checking exceptions
2021-04-18 00:37:28,726:INFO:Importing libraries
2021-04-18 00:37:28,726:INFO:Copying training dataset
2021-04-18 00:37:28,727:INFO:Defining folds
2021-04-18 00:37:28,727:INFO:Declaring metric variables
2021-04-18 00:37:28,735:INFO:Importing untrained model
2021-04-18 00:37:28,769:INFO:Ridge Classifier Imported succesfully
2021-04-18 00:37:28,801:INFO:Starting cross validation
2021-04-18 00:37:28,801:INFO:Cross validating with StratifiedKFold(n_splits=10, random_state=None, shuffle=False), n_jobs=-1
2021-04-18 00:37:28,859:INFO:Calculating mean and std
2021-04-18 00:37:28,860:INFO:Creating metrics dataframe
2021-04-18 00:37:28,863:INFO:Uploading results into container
2021-04-18 00:37:28,863:INFO:Uploading model into container now
2021-04-18 00:37:28,863:INFO:create_model_container: 6
2021-04-18 00:37:28,864:INFO:master_model_container: 6
2021-04-18 00:37:28,864:INFO:display_container: 2
2021-04-18 00:37:28,864:INFO:RidgeClassifier(alpha=1.0, class_weight=None, copy_X=True, fit_intercept=True,
                max_iter=None, normalize=False, random_state=3350,
                solver='auto', tol=0.001)
2021-04-18 00:37:28,864:INFO:create_model() succesfully completed......................................
2021-04-18 00:37:28,947:INFO:SubProcess create_model() end ==================================
2021-04-18 00:37:28,947:INFO:Creating metrics dataframe
2021-04-18 00:37:28,971:INFO:Initializing Random Forest Classifier
2021-04-18 00:37:28,971:INFO:Total runtime is 0.11447701851526894 minutes
2021-04-18 00:37:28,980:INFO:SubProcess create_model() called ==================================
2021-04-18 00:37:28,981:INFO:Initializing create_model()
2021-04-18 00:37:28,981:INFO:create_model(estimator=rf, fold=StratifiedKFold(n_splits=10, random_state=None, shuffle=False), round=4, cross_validation=True, predict=True, fit_kwargs={}, groups=None, refit=False, verbose=False, system=False, metrics=None, display=<pycaret.internal.Display.Display object at 0x15874b430>, kwargs={})
2021-04-18 00:37:28,981:INFO:Checking exceptions
2021-04-18 00:37:28,981:INFO:Importing libraries
2021-04-18 00:37:28,981:INFO:Copying training dataset
2021-04-18 00:37:28,982:INFO:Defining folds
2021-04-18 00:37:28,982:INFO:Declaring metric variables
2021-04-18 00:37:28,992:INFO:Importing untrained model
2021-04-18 00:37:29,001:INFO:Random Forest Classifier Imported succesfully
2021-04-18 00:37:29,022:INFO:Starting cross validation
2021-04-18 00:37:29,023:INFO:Cross validating with StratifiedKFold(n_splits=10, random_state=None, shuffle=False), n_jobs=-1
2021-04-18 00:37:29,532:INFO:Calculating mean and std
2021-04-18 00:37:29,534:INFO:Creating metrics dataframe
2021-04-18 00:37:29,540:INFO:Uploading results into container
2021-04-18 00:37:29,540:INFO:Uploading model into container now
2021-04-18 00:37:29,540:INFO:create_model_container: 7
2021-04-18 00:37:29,540:INFO:master_model_container: 7
2021-04-18 00:37:29,541:INFO:display_container: 2
2021-04-18 00:37:29,541:INFO:RandomForestClassifier(bootstrap=True, ccp_alpha=0.0, class_weight=None,
                       criterion='gini', max_depth=None, max_features='auto',
                       max_leaf_nodes=None, max_samples=None,
                       min_impurity_decrease=0.0, min_impurity_split=None,
                       min_samples_leaf=1, min_samples_split=2,
                       min_weight_fraction_leaf=0.0, n_estimators=100,
                       n_jobs=-1, oob_score=False, random_state=3350, verbose=0,
                       warm_start=False)
2021-04-18 00:37:29,541:INFO:create_model() succesfully completed......................................
2021-04-18 00:37:29,635:INFO:SubProcess create_model() end ==================================
2021-04-18 00:37:29,635:INFO:Creating metrics dataframe
2021-04-18 00:37:29,661:INFO:Initializing Quadratic Discriminant Analysis
2021-04-18 00:37:29,661:INFO:Total runtime is 0.12597503662109372 minutes
2021-04-18 00:37:29,670:INFO:SubProcess create_model() called ==================================
2021-04-18 00:37:29,670:INFO:Initializing create_model()
2021-04-18 00:37:29,670:INFO:create_model(estimator=qda, fold=StratifiedKFold(n_splits=10, random_state=None, shuffle=False), round=4, cross_validation=True, predict=True, fit_kwargs={}, groups=None, refit=False, verbose=False, system=False, metrics=None, display=<pycaret.internal.Display.Display object at 0x15874b430>, kwargs={})
2021-04-18 00:37:29,670:INFO:Checking exceptions
2021-04-18 00:37:29,670:INFO:Importing libraries
2021-04-18 00:37:29,670:INFO:Copying training dataset
2021-04-18 00:37:29,671:INFO:Defining folds
2021-04-18 00:37:29,672:INFO:Declaring metric variables
2021-04-18 00:37:29,680:INFO:Importing untrained model
2021-04-18 00:37:29,689:INFO:Quadratic Discriminant Analysis Imported succesfully
2021-04-18 00:37:29,707:INFO:Starting cross validation
2021-04-18 00:37:29,707:INFO:Cross validating with StratifiedKFold(n_splits=10, random_state=None, shuffle=False), n_jobs=-1
2021-04-18 00:37:29,786:INFO:Calculating mean and std
2021-04-18 00:37:29,788:INFO:Creating metrics dataframe
2021-04-18 00:37:29,795:INFO:Uploading results into container
2021-04-18 00:37:29,795:INFO:Uploading model into container now
2021-04-18 00:37:29,795:INFO:create_model_container: 8
2021-04-18 00:37:29,795:INFO:master_model_container: 8
2021-04-18 00:37:29,795:INFO:display_container: 2
2021-04-18 00:37:29,796:INFO:QuadraticDiscriminantAnalysis(priors=None, reg_param=0.0,
                              store_covariance=False, tol=0.0001)
2021-04-18 00:37:29,796:INFO:create_model() succesfully completed......................................
2021-04-18 00:37:29,881:INFO:SubProcess create_model() end ==================================
2021-04-18 00:37:29,881:INFO:Creating metrics dataframe
2021-04-18 00:37:29,903:INFO:Initializing Ada Boost Classifier
2021-04-18 00:37:29,903:INFO:Total runtime is 0.13002270460128781 minutes
2021-04-18 00:37:29,913:INFO:SubProcess create_model() called ==================================
2021-04-18 00:37:29,913:INFO:Initializing create_model()
2021-04-18 00:37:29,913:INFO:create_model(estimator=ada, fold=StratifiedKFold(n_splits=10, random_state=None, shuffle=False), round=4, cross_validation=True, predict=True, fit_kwargs={}, groups=None, refit=False, verbose=False, system=False, metrics=None, display=<pycaret.internal.Display.Display object at 0x15874b430>, kwargs={})
2021-04-18 00:37:29,913:INFO:Checking exceptions
2021-04-18 00:37:29,914:INFO:Importing libraries
2021-04-18 00:37:29,914:INFO:Copying training dataset
2021-04-18 00:37:29,914:INFO:Defining folds
2021-04-18 00:37:29,915:INFO:Declaring metric variables
2021-04-18 00:37:29,923:INFO:Importing untrained model
2021-04-18 00:37:29,930:INFO:Ada Boost Classifier Imported succesfully
2021-04-18 00:37:29,948:INFO:Starting cross validation
2021-04-18 00:37:29,949:INFO:Cross validating with StratifiedKFold(n_splits=10, random_state=None, shuffle=False), n_jobs=-1
2021-04-18 00:37:30,151:INFO:Calculating mean and std
2021-04-18 00:37:30,152:INFO:Creating metrics dataframe
2021-04-18 00:37:30,155:INFO:Uploading results into container
2021-04-18 00:37:30,155:INFO:Uploading model into container now
2021-04-18 00:37:30,155:INFO:create_model_container: 9
2021-04-18 00:37:30,155:INFO:master_model_container: 9
2021-04-18 00:37:30,156:INFO:display_container: 2
2021-04-18 00:37:30,156:INFO:AdaBoostClassifier(algorithm='SAMME.R', base_estimator=None, learning_rate=1.0,
                   n_estimators=50, random_state=3350)
2021-04-18 00:37:30,156:INFO:create_model() succesfully completed......................................
2021-04-18 00:37:30,240:INFO:SubProcess create_model() end ==================================
2021-04-18 00:37:30,240:INFO:Creating metrics dataframe
2021-04-18 00:37:30,266:INFO:Initializing Gradient Boosting Classifier
2021-04-18 00:37:30,266:INFO:Total runtime is 0.13605912129084266 minutes
2021-04-18 00:37:30,275:INFO:SubProcess create_model() called ==================================
2021-04-18 00:37:30,276:INFO:Initializing create_model()
2021-04-18 00:37:30,276:INFO:create_model(estimator=gbc, fold=StratifiedKFold(n_splits=10, random_state=None, shuffle=False), round=4, cross_validation=True, predict=True, fit_kwargs={}, groups=None, refit=False, verbose=False, system=False, metrics=None, display=<pycaret.internal.Display.Display object at 0x15874b430>, kwargs={})
2021-04-18 00:37:30,276:INFO:Checking exceptions
2021-04-18 00:37:30,276:INFO:Importing libraries
2021-04-18 00:37:30,276:INFO:Copying training dataset
2021-04-18 00:37:30,277:INFO:Defining folds
2021-04-18 00:37:30,277:INFO:Declaring metric variables
2021-04-18 00:37:30,285:INFO:Importing untrained model
2021-04-18 00:37:30,295:INFO:Gradient Boosting Classifier Imported succesfully
2021-04-18 00:37:30,313:INFO:Starting cross validation
2021-04-18 00:37:30,314:INFO:Cross validating with StratifiedKFold(n_splits=10, random_state=None, shuffle=False), n_jobs=-1
2021-04-18 00:37:30,471:INFO:Calculating mean and std
2021-04-18 00:37:30,472:INFO:Creating metrics dataframe
2021-04-18 00:37:30,476:INFO:Uploading results into container
2021-04-18 00:37:30,476:INFO:Uploading model into container now
2021-04-18 00:37:30,476:INFO:create_model_container: 10
2021-04-18 00:37:30,476:INFO:master_model_container: 10
2021-04-18 00:37:30,476:INFO:display_container: 2
2021-04-18 00:37:30,476:INFO:GradientBoostingClassifier(ccp_alpha=0.0, criterion='friedman_mse', init=None,
                           learning_rate=0.1, loss='deviance', max_depth=3,
                           max_features=None, max_leaf_nodes=None,
                           min_impurity_decrease=0.0, min_impurity_split=None,
                           min_samples_leaf=1, min_samples_split=2,
                           min_weight_fraction_leaf=0.0, n_estimators=100,
                           n_iter_no_change=None, presort='deprecated',
                           random_state=3350, subsample=1.0, tol=0.0001,
                           validation_fraction=0.1, verbose=0,
                           warm_start=False)
2021-04-18 00:37:30,476:INFO:create_model() succesfully completed......................................
2021-04-18 00:37:30,558:INFO:SubProcess create_model() end ==================================
2021-04-18 00:37:30,559:INFO:Creating metrics dataframe
2021-04-18 00:37:30,584:INFO:Initializing Linear Discriminant Analysis
2021-04-18 00:37:30,584:INFO:Total runtime is 0.1413671533266703 minutes
2021-04-18 00:37:30,594:INFO:SubProcess create_model() called ==================================
2021-04-18 00:37:30,594:INFO:Initializing create_model()
2021-04-18 00:37:30,594:INFO:create_model(estimator=lda, fold=StratifiedKFold(n_splits=10, random_state=None, shuffle=False), round=4, cross_validation=True, predict=True, fit_kwargs={}, groups=None, refit=False, verbose=False, system=False, metrics=None, display=<pycaret.internal.Display.Display object at 0x15874b430>, kwargs={})
2021-04-18 00:37:30,594:INFO:Checking exceptions
2021-04-18 00:37:30,594:INFO:Importing libraries
2021-04-18 00:37:30,594:INFO:Copying training dataset
2021-04-18 00:37:30,595:INFO:Defining folds
2021-04-18 00:37:30,595:INFO:Declaring metric variables
2021-04-18 00:37:30,604:INFO:Importing untrained model
2021-04-18 00:37:30,612:INFO:Linear Discriminant Analysis Imported succesfully
2021-04-18 00:37:30,630:INFO:Starting cross validation
2021-04-18 00:37:30,630:INFO:Cross validating with StratifiedKFold(n_splits=10, random_state=None, shuffle=False), n_jobs=-1
2021-04-18 00:37:30,719:INFO:Calculating mean and std
2021-04-18 00:37:30,720:INFO:Creating metrics dataframe
2021-04-18 00:37:30,732:INFO:Uploading results into container
2021-04-18 00:37:30,732:INFO:Uploading model into container now
2021-04-18 00:37:30,732:INFO:create_model_container: 11
2021-04-18 00:37:30,732:INFO:master_model_container: 11
2021-04-18 00:37:30,732:INFO:display_container: 2
2021-04-18 00:37:30,733:INFO:LinearDiscriminantAnalysis(n_components=None, priors=None, shrinkage=None,
                           solver='svd', store_covariance=False, tol=0.0001)
2021-04-18 00:37:30,733:INFO:create_model() succesfully completed......................................
2021-04-18 00:37:30,867:INFO:SubProcess create_model() end ==================================
2021-04-18 00:37:30,868:INFO:Creating metrics dataframe
2021-04-18 00:37:30,895:INFO:Initializing Extra Trees Classifier
2021-04-18 00:37:30,895:INFO:Total runtime is 0.14655613501866654 minutes
2021-04-18 00:37:30,904:INFO:SubProcess create_model() called ==================================
2021-04-18 00:37:30,905:INFO:Initializing create_model()
2021-04-18 00:37:30,905:INFO:create_model(estimator=et, fold=StratifiedKFold(n_splits=10, random_state=None, shuffle=False), round=4, cross_validation=True, predict=True, fit_kwargs={}, groups=None, refit=False, verbose=False, system=False, metrics=None, display=<pycaret.internal.Display.Display object at 0x15874b430>, kwargs={})
2021-04-18 00:37:30,906:INFO:Checking exceptions
2021-04-18 00:37:30,906:INFO:Importing libraries
2021-04-18 00:37:30,906:INFO:Copying training dataset
2021-04-18 00:37:30,907:INFO:Defining folds
2021-04-18 00:37:30,908:INFO:Declaring metric variables
2021-04-18 00:37:30,916:INFO:Importing untrained model
2021-04-18 00:37:30,927:INFO:Extra Trees Classifier Imported succesfully
2021-04-18 00:37:30,945:INFO:Starting cross validation
2021-04-18 00:37:30,946:INFO:Cross validating with StratifiedKFold(n_splits=10, random_state=None, shuffle=False), n_jobs=-1
2021-04-18 00:37:31,452:INFO:Calculating mean and std
2021-04-18 00:37:31,453:INFO:Creating metrics dataframe
2021-04-18 00:37:31,457:INFO:Uploading results into container
2021-04-18 00:37:31,458:INFO:Uploading model into container now
2021-04-18 00:37:31,458:INFO:create_model_container: 12
2021-04-18 00:37:31,458:INFO:master_model_container: 12
2021-04-18 00:37:31,458:INFO:display_container: 2
2021-04-18 00:37:31,458:INFO:ExtraTreesClassifier(bootstrap=False, ccp_alpha=0.0, class_weight=None,
                     criterion='gini', max_depth=None, max_features='auto',
                     max_leaf_nodes=None, max_samples=None,
                     min_impurity_decrease=0.0, min_impurity_split=None,
                     min_samples_leaf=1, min_samples_split=2,
                     min_weight_fraction_leaf=0.0, n_estimators=100, n_jobs=-1,
                     oob_score=False, random_state=3350, verbose=0,
                     warm_start=False)
2021-04-18 00:37:31,458:INFO:create_model() succesfully completed......................................
2021-04-18 00:37:31,538:INFO:SubProcess create_model() end ==================================
2021-04-18 00:37:31,538:INFO:Creating metrics dataframe
2021-04-18 00:37:31,565:INFO:Initializing Light Gradient Boosting Machine
2021-04-18 00:37:31,565:INFO:Total runtime is 0.1577213366826375 minutes
2021-04-18 00:37:31,575:INFO:SubProcess create_model() called ==================================
2021-04-18 00:37:31,575:INFO:Initializing create_model()
2021-04-18 00:37:31,575:INFO:create_model(estimator=lightgbm, fold=StratifiedKFold(n_splits=10, random_state=None, shuffle=False), round=4, cross_validation=True, predict=True, fit_kwargs={}, groups=None, refit=False, verbose=False, system=False, metrics=None, display=<pycaret.internal.Display.Display object at 0x15874b430>, kwargs={})
2021-04-18 00:37:31,575:INFO:Checking exceptions
2021-04-18 00:37:31,575:INFO:Importing libraries
2021-04-18 00:37:31,575:INFO:Copying training dataset
2021-04-18 00:37:31,576:INFO:Defining folds
2021-04-18 00:37:31,577:INFO:Declaring metric variables
2021-04-18 00:37:31,585:INFO:Importing untrained model
2021-04-18 00:37:31,594:INFO:Light Gradient Boosting Machine Imported succesfully
2021-04-18 00:37:31,611:INFO:Starting cross validation
2021-04-18 00:37:31,612:INFO:Cross validating with StratifiedKFold(n_splits=10, random_state=None, shuffle=False), n_jobs=-1
2021-04-18 00:37:31,726:INFO:Calculating mean and std
2021-04-18 00:37:31,727:INFO:Creating metrics dataframe
2021-04-18 00:37:31,731:INFO:Uploading results into container
2021-04-18 00:37:31,731:INFO:Uploading model into container now
2021-04-18 00:37:31,731:INFO:create_model_container: 13
2021-04-18 00:37:31,731:INFO:master_model_container: 13
2021-04-18 00:37:31,731:INFO:display_container: 2
2021-04-18 00:37:31,732:INFO:LGBMClassifier(boosting_type='gbdt', class_weight=None, colsample_bytree=1.0,
               importance_type='split', learning_rate=0.1, max_depth=-1,
               min_child_samples=20, min_child_weight=0.001, min_split_gain=0.0,
               n_estimators=100, n_jobs=-1, num_leaves=31, objective=None,
               random_state=3350, reg_alpha=0.0, reg_lambda=0.0, silent=True,
               subsample=1.0, subsample_for_bin=200000, subsample_freq=0)
2021-04-18 00:37:31,732:INFO:create_model() succesfully completed......................................
2021-04-18 00:37:31,814:INFO:SubProcess create_model() end ==================================
2021-04-18 00:37:31,814:INFO:Creating metrics dataframe
2021-04-18 00:37:31,862:INFO:Initializing create_model()
2021-04-18 00:37:31,863:INFO:create_model(estimator=LogisticRegression(C=1.0, class_weight=None, dual=False, fit_intercept=True,
                   intercept_scaling=1, l1_ratio=None, max_iter=1000,
                   multi_class='auto', n_jobs=None, penalty='l2',
                   random_state=3350, solver='lbfgs', tol=0.0001, verbose=0,
                   warm_start=False), fold=StratifiedKFold(n_splits=10, random_state=None, shuffle=False), round=4, cross_validation=False, predict=False, fit_kwargs={}, groups=None, refit=True, verbose=False, system=False, metrics=None, display=None, kwargs={})
2021-04-18 00:37:31,863:INFO:Checking exceptions
2021-04-18 00:37:31,863:INFO:Importing libraries
2021-04-18 00:37:31,863:INFO:Copying training dataset
2021-04-18 00:37:31,863:INFO:Defining folds
2021-04-18 00:37:31,863:INFO:Declaring metric variables
2021-04-18 00:37:31,863:INFO:Importing untrained model
2021-04-18 00:37:31,863:INFO:Declaring custom model
2021-04-18 00:37:31,864:INFO:Logistic Regression Imported succesfully
2021-04-18 00:37:31,864:INFO:Cross validation set to False
2021-04-18 00:37:31,864:INFO:Fitting Model
2021-04-18 00:37:32,053:INFO:LogisticRegression(C=1.0, class_weight=None, dual=False, fit_intercept=True,
                   intercept_scaling=1, l1_ratio=None, max_iter=1000,
                   multi_class='auto', n_jobs=None, penalty='l2',
                   random_state=3350, solver='lbfgs', tol=0.0001, verbose=0,
                   warm_start=False)
2021-04-18 00:37:32,053:INFO:create_models() succesfully completed......................................
2021-04-18 00:37:32,187:INFO:create_model_container: 13
2021-04-18 00:37:32,187:INFO:master_model_container: 13
2021-04-18 00:37:32,187:INFO:display_container: 2
2021-04-18 00:37:32,188:INFO:LogisticRegression(C=1.0, class_weight=None, dual=False, fit_intercept=True,
                   intercept_scaling=1, l1_ratio=None, max_iter=1000,
                   multi_class='auto', n_jobs=None, penalty='l2',
                   random_state=3350, solver='lbfgs', tol=0.0001, verbose=0,
                   warm_start=False)
2021-04-18 00:37:32,188:INFO:compare_models() succesfully completed......................................
